# JRE version: Java(TM) SE Runtime Environment 18.9 (11.0.15+8) (build 11.0.15+8-LTS-149)
# Java VM: Java HotSpot(TM) 64-Bit Server VM 18.9 (11.0.15+8-LTS-149, mixed mode, tiered, compressed oops, g1 gc, windows-amd64)
Heap:
 garbage-first heap   total 157696K, used 45206K [0x0000000080000000, 0x0000000100000000)
  region size 1024K, 43 young (44032K), 5 survivors (5120K)
 Metaspace       used 27398K, capacity 27953K, committed 28208K, reserved 1075200K
  class space    used 3005K, capacity 3183K, committed 3200K, reserved 1048576K
GC Heap History (10 events):
Event: 3.783 GC heap before
{Heap before GC invocations=1 (full 0):
 garbage-first heap   total 131072K, used 7201K [0x0000000080000000, 0x0000000100000000)
  region size 1024K, 6 young (6144K), 1 survivors (1024K)
 Metaspace       used 10305K, capacity 10504K, committed 10624K, reserved 1058816K
  class space    used 960K, capacity 1056K, committed 1152K, reserved 1048576K
}
Event: 3.793 GC heap after
{Heap after GC invocations=2 (full 0):
 garbage-first heap   total 131072K, used 3004K [0x0000000080000000, 0x0000000100000000)
  region size 1024K, 1 young (1024K), 1 survivors (1024K)
 Metaspace       used 10305K, capacity 10504K, committed 10624K, reserved 1058816K
  class space    used 960K, capacity 1056K, committed 1152K, reserved 1048576K
}
Event: 4.683 GC heap before
{Heap before GC invocations=2 (full 0):
 garbage-first heap   total 131072K, used 15292K [0x0000000080000000, 0x0000000100000000)
  region size 1024K, 14 young (14336K), 1 survivors (1024K)
 Metaspace       used 12412K, capacity 12660K, committed 12928K, reserved 1060864K
  class space    used 1258K, capacity 1348K, committed 1408K, reserved 1048576K
}
Event: 4.692 GC heap after
{Heap after GC invocations=3 (full 0):
 garbage-first heap   total 131072K, used 3646K [0x0000000080000000, 0x0000000100000000)
  region size 1024K, 2 young (2048K), 2 survivors (2048K)
 Metaspace       used 12412K, capacity 12660K, committed 12928K, reserved 1060864K
  class space    used 1258K, capacity 1348K, committed 1408K, reserved 1048576K
}
Event: 6.959 GC heap before
{Heap before GC invocations=3 (full 0):
 garbage-first heap   total 131072K, used 22078K [0x0000000080000000, 0x0000000100000000)
  region size 1024K, 20 young (20480K), 2 survivors (2048K)
 Metaspace       used 14778K, capacity 14939K, committed 15232K, reserved 1062912K
  class space    used 1541K, capacity 1617K, committed 1664K, reserved 1048576K
}
Event: 6.973 GC heap after
{Heap after GC invocations=4 (full 0):
 garbage-first heap   total 131072K, used 4358K [0x0000000080000000, 0x0000000100000000)
  region size 1024K, 3 young (3072K), 3 survivors (3072K)
 Metaspace       used 14778K, capacity 14939K, committed 15232K, reserved 1062912K
  class space    used 1541K, capacity 1617K, committed 1664K, reserved 1048576K
}
Event: 10.609 GC heap before
{Heap before GC invocations=4 (full 0):
 garbage-first heap   total 131072K, used 33030K [0x0000000080000000, 0x0000000100000000)
  region size 1024K, 31 young (31744K), 3 survivors (3072K)
 Metaspace       used 19974K, capacity 20257K, committed 20480K, reserved 1067008K
  class space    used 2138K, capacity 2245K, committed 2304K, reserved 1048576K
}
Event: 10.640 GC heap after
{Heap after GC invocations=5 (full 0):
 garbage-first heap   total 157696K, used 6373K [0x0000000080000000, 0x0000000100000000)
  region size 1024K, 4 young (4096K), 4 survivors (4096K)
 Metaspace       used 19974K, capacity 20257K, committed 20480K, reserved 1067008K
  class space    used 2138K, capacity 2245K, committed 2304K, reserved 1048576K
}
Event: 11.593 GC heap before
{Heap before GC invocations=5 (full 0):
 garbage-first heap   total 157696K, used 20709K [0x0000000080000000, 0x0000000100000000)
  region size 1024K, 19 young (19456K), 4 survivors (4096K)
 Metaspace       used 20803K, capacity 21152K, committed 21296K, reserved 1069056K
  class space    used 2221K, capacity 2351K, committed 2432K, reserved 1048576K
}
Event: 11.620 GC heap after
{Heap after GC invocations=6 (full 0):
 garbage-first heap   total 157696K, used 7318K [0x0000000080000000, 0x0000000100000000)
  region size 1024K, 5 young (5120K), 5 survivors (5120K)
 Metaspace       used 20803K, capacity 21152K, committed 21296K, reserved 1069056K
  class space    used 2221K, capacity 2351K, committed 2432K, reserved 1048576K
}

